2025-12-02 17:57:09,261 - INFO - 已处理 13466 个文件，速率 1835.9 文件/秒
2025-12-02 17:57:11,261 - INFO - 已处理 26433 个文件，速率 2831.6 文件/秒
2025-12-02 17:57:13,261 - INFO - 已处理 39439 个文件，速率 3479.4 文件/秒
2025-12-02 17:57:15,261 - INFO - 已处理 52466 个文件，速率 3934.5 文件/秒
2025-12-02 17:57:17,261 - INFO - 已处理 65481 个文件，速率 4269.9 文件/秒
2025-12-02 17:57:19,262 - INFO - 已处理 78425 个文件，速率 4523.9 文件/秒
2025-12-02 17:57:21,262 - INFO - 已处理 91431 个文件，速率 4728.6 文件/秒
2025-12-02 17:57:23,262 - INFO - 已处理 104456 个文件，速率 4895.8 文件/秒
2025-12-02 17:57:25,262 - INFO - 已处理 117491 个文件，速率 5034.8 文件/秒
2025-12-02 17:57:27,262 - INFO - 已处理 130524 个文件，速率 5151.7 文件/秒
2025-12-02 17:57:29,262 - INFO - 已处理 143475 个文件，速率 5248.5 文件/秒
2025-12-02 17:57:31,262 - INFO - 已处理 156474 个文件，速率 5333.8 文件/秒
2025-12-02 17:57:31,799 - INFO - ==================================================
2025-12-02 17:57:31,800 - INFO - 处理完成！总文件数: 160000
2025-12-02 17:57:31,800 - INFO - 总用时: 0.5 分钟
2025-12-02 17:57:31,800 - INFO - 平均速度: 5355.9 文件/秒
2025-12-02 17:57:31,800 - INFO - 分类统计:
2025-12-02 17:57:31,800 - INFO -   S-S: 53162
2025-12-02 17:57:31,800 - INFO -   S-L: 0
2025-12-02 17:57:31,800 - INFO -   L-S: 106838
2025-12-02 17:57:31,800 - INFO -   L-L: 0
2025-12-02 17:57:31,800 - INFO -   N/A: 0
2025-12-02 17:57:31,800 - INFO - ==================================================
2025-12-02 18:07:08,406 - INFO - 已处理 13544 个文件，速率 1819.0 文件/秒
2025-12-02 18:07:10,406 - INFO - 已处理 26619 个文件，速率 2818.0 文件/秒
2025-12-02 18:07:12,406 - INFO - 已处理 39720 个文件，速率 3470.0 文件/秒
2025-12-02 18:07:14,406 - INFO - 已处理 52839 个文件，速率 3929.6 文件/秒
2025-12-02 18:07:16,406 - INFO - 已处理 65692 个文件，速率 4252.8 文件/秒
2025-12-02 18:07:18,406 - INFO - 已处理 76289 个文件，速率 4372.6 文件/秒
2025-12-02 18:07:20,407 - INFO - 已处理 87215 个文件，速率 4484.7 文件/秒
2025-12-02 18:07:22,407 - INFO - 已处理 100089 个文件，速率 4666.7 文件/秒
2025-12-02 18:07:24,407 - INFO - 已处理 112955 个文件，速率 4817.3 文件/秒
2025-12-02 18:07:26,407 - INFO - 已处理 126015 个文件，速率 4951.9 文件/秒
2025-12-02 18:07:28,408 - INFO - 已处理 139118 个文件，速率 5068.4 文件/秒
2025-12-02 18:07:30,408 - INFO - 已处理 151635 个文件，速率 5149.2 文件/秒
2025-12-02 18:07:31,722 - INFO - ==================================================
2025-12-02 18:07:31,722 - INFO - 处理完成！总文件数: 160000
2025-12-02 18:07:31,723 - INFO - 总用时: 0.5 分钟
2025-12-02 18:07:31,723 - INFO - 平均速度: 5201.1 文件/秒
2025-12-02 18:07:31,723 - INFO - 分类统计:
2025-12-02 18:07:31,723 - INFO -   S-S: 53162
2025-12-02 18:07:31,723 - INFO -   S-L: 0
2025-12-02 18:07:31,723 - INFO -   L-S: 106838
2025-12-02 18:07:31,723 - INFO -   L-L: 0
2025-12-02 18:07:31,723 - INFO -   N/A: 0
2025-12-02 18:07:31,723 - INFO - ==================================================
2025-12-02 18:18:49,250 - INFO - 已处理 13291 个文件，速率 1798.8 文件/秒
2025-12-02 18:18:51,250 - INFO - 已处理 26295 个文件，速率 2800.6 文件/秒
2025-12-02 18:18:53,250 - INFO - 已处理 39272 个文件，速率 3448.2 文件/秒
2025-12-02 18:18:55,250 - INFO - 已处理 52225 个文件，速率 3900.5 文件/秒
2025-12-02 18:18:57,251 - INFO - 已处理 65158 个文件，速率 4233.8 文件/秒
2025-12-02 18:18:59,251 - INFO - 已处理 78137 个文件，速率 4493.1 文件/秒
2025-12-02 18:19:01,251 - INFO - 已处理 91089 个文件，速率 4697.6 文件/秒
2025-12-02 18:19:03,252 - INFO - 已处理 104002 个文件，速率 4862.0 文件/秒
2025-12-02 18:19:05,252 - INFO - 已处理 116946 个文件，速率 4999.5 文件/秒
2025-12-02 18:19:07,253 - INFO - 已处理 129941 个文件，速率 5117.5 文件/秒
2025-12-02 18:19:09,253 - INFO - 已处理 142826 个文件，速率 5214.2 文件/秒
2025-12-02 18:19:11,253 - INFO - 已处理 155801 个文件，速率 5300.9 文件/秒
2025-12-02 18:19:11,898 - INFO - ==================================================
2025-12-02 18:19:11,899 - INFO - 处理完成！总文件数: 160000
2025-12-02 18:19:11,899 - INFO - 总用时: 0.5 分钟
2025-12-02 18:19:11,899 - INFO - 平均速度: 5326.7 文件/秒
2025-12-02 18:19:11,899 - INFO - 分类统计:
2025-12-02 18:19:11,899 - INFO -   S-S: 53162
2025-12-02 18:19:11,899 - INFO -   S-L: 0
2025-12-02 18:19:11,899 - INFO -   L-S: 106838
2025-12-02 18:19:11,899 - INFO -   L-L: 0
2025-12-02 18:19:11,899 - INFO -   N/A: 0
2025-12-02 18:19:11,899 - INFO - ==================================================
2025-12-02 18:31:44,253 - INFO - 已处理 11365 个文件，速率 1523.0 文件/秒
2025-12-02 18:31:46,253 - INFO - 已处理 21936 个文件，速率 2318.3 文件/秒
2025-12-02 18:31:48,253 - INFO - 已处理 32634 个文件，速率 2847.1 文件/秒
2025-12-02 18:31:50,253 - INFO - 已处理 43490 个文件，速率 3230.4 文件/秒
2025-12-02 18:31:52,253 - INFO - 已处理 54434 个文件，速率 3520.3 文件/秒
2025-12-02 18:31:54,253 - INFO - 已处理 64979 个文件，速率 3721.0 文件/秒
2025-12-02 18:31:56,253 - INFO - 已处理 74508 个文件，速率 3828.2 文件/秒
2025-12-02 18:31:58,254 - INFO - 已处理 84299 个文件，速率 3927.6 文件/秒
2025-12-02 18:32:00,254 - INFO - 已处理 94236 个文件，速率 4016.3 文件/秒
2025-12-02 18:32:02,254 - INFO - 已处理 104852 个文件，速率 4117.8 文件/秒
2025-12-02 18:32:04,254 - INFO - 已处理 115173 个文件，速率 4193.7 文件/秒
2025-12-02 18:32:06,254 - INFO - 已处理 126095 个文件，速率 4279.7 文件/秒
2025-12-02 18:32:08,254 - INFO - 已处理 136932 个文件，速率 4352.1 文件/秒
2025-12-02 18:32:10,254 - INFO - 已处理 147895 个文件，速率 4419.6 文件/秒
2025-12-02 18:32:12,254 - INFO - 已处理 158816 个文件，速率 4478.3 文件/秒
2025-12-02 18:32:12,467 - INFO - ==================================================
2025-12-02 18:32:12,467 - INFO - 处理完成！总文件数: 160000
2025-12-02 18:32:12,467 - INFO - 总用时: 0.6 分钟
2025-12-02 18:32:12,467 - INFO - 平均速度: 4484.7 文件/秒
2025-12-02 18:32:12,467 - INFO - 分类统计:
2025-12-02 18:32:12,467 - INFO -   S-S: 53162
2025-12-02 18:32:12,467 - INFO -   S-L: 0
2025-12-02 18:32:12,467 - INFO -   L-S: 106838
2025-12-02 18:32:12,467 - INFO -   L-L: 0
2025-12-02 18:32:12,467 - INFO -   N/A: 0
2025-12-02 18:32:12,468 - INFO - ==================================================
2025-12-02 18:32:32,037 - INFO - 已处理 13595 个文件，速率 1866.6 文件/秒
2025-12-02 18:32:34,036 - INFO - 已处理 26143 个文件，速率 2816.1 文件/秒
2025-12-02 18:32:36,037 - INFO - 已处理 39121 个文件，速率 3467.0 文件/秒
2025-12-02 18:32:38,037 - INFO - 已处理 52044 个文件，速率 3917.8 文件/秒
2025-12-02 18:32:40,037 - INFO - 已处理 65087 个文件，速率 4258.5 文件/秒
2025-12-02 18:32:42,037 - INFO - 已处理 78092 个文件，速率 4518.1 文件/秒
2025-12-02 18:32:44,037 - INFO - 已处理 91104 个文件，速率 4724.3 文件/秒
2025-12-02 18:32:46,037 - INFO - 已处理 104094 个文件，速率 4890.7 文件/秒
2025-12-02 18:32:48,037 - INFO - 已处理 117112 个文件，速率 5029.7 文件/秒
2025-12-02 18:32:50,037 - INFO - 已处理 130077 个文件，速率 5144.6 文件/秒
2025-12-02 18:32:52,038 - INFO - 已处理 143081 个文件，速率 5244.0 文件/秒
2025-12-02 18:32:54,038 - INFO - 已处理 155913 个文件，速率 5324.0 文件/秒
2025-12-02 18:32:54,663 - INFO - ==================================================
2025-12-02 18:32:54,663 - INFO - 处理完成！总文件数: 160000
2025-12-02 18:32:54,663 - INFO - 总用时: 0.5 分钟
2025-12-02 18:32:54,663 - INFO - 平均速度: 5349.4 文件/秒
2025-12-02 18:32:54,663 - INFO - 分类统计:
2025-12-02 18:32:54,663 - INFO -   S-S: 53162
2025-12-02 18:32:54,663 - INFO -   S-L: 0
2025-12-02 18:32:54,663 - INFO -   L-S: 106838
2025-12-02 18:32:54,663 - INFO -   L-L: 0
2025-12-02 18:32:54,663 - INFO -   N/A: 0
2025-12-02 18:32:54,663 - INFO - ==================================================
2025-12-02 18:33:14,684 - INFO - 已处理 13468 个文件，速率 1859.7 文件/秒
2025-12-02 18:33:16,684 - INFO - 已处理 26490 个文件，速率 2866.1 文件/秒
2025-12-02 18:33:18,684 - INFO - 已处理 39472 个文件，速率 3510.9 文件/秒
2025-12-02 18:33:20,685 - INFO - 已处理 52475 个文件，速率 3962.5 文件/秒
2025-12-02 18:33:22,685 - INFO - 已处理 65500 个文件，速率 4297.0 文件/秒
2025-12-02 18:33:24,685 - INFO - 已处理 78510 个文件，速率 4553.1 文件/秒
2025-12-02 18:33:26,685 - INFO - 已处理 91566 个文件，速率 4758.4 文件/秒
2025-12-02 18:33:28,685 - INFO - 已处理 104618 个文件，速率 4924.8 文件/秒
2025-12-02 18:33:30,685 - INFO - 已处理 117685 个文件，速率 5063.1 文件/秒
2025-12-02 18:33:32,686 - INFO - 已处理 130316 个文件，速率 5162.3 文件/秒
2025-12-02 18:33:34,686 - INFO - 已处理 143304 个文件，速率 5260.0 文件/秒
2025-12-02 18:33:36,686 - INFO - 已处理 156384 个文件，速率 5347.6 文件/秒
2025-12-02 18:33:37,259 - INFO - ==================================================
2025-12-02 18:33:37,259 - INFO - 处理完成！总文件数: 160000
2025-12-02 18:33:37,259 - INFO - 总用时: 0.5 分钟
2025-12-02 18:33:37,259 - INFO - 平均速度: 5366.0 文件/秒
2025-12-02 18:33:37,260 - INFO - 分类统计:
2025-12-02 18:33:37,260 - INFO -   S-S: 53162
2025-12-02 18:33:37,260 - INFO -   S-L: 0
2025-12-02 18:33:37,260 - INFO -   L-S: 106838
2025-12-02 18:33:37,260 - INFO -   L-L: 0
2025-12-02 18:33:37,260 - INFO -   N/A: 0
2025-12-02 18:33:37,260 - INFO - ==================================================
2025-12-02 18:33:54,862 - INFO - 已处理 13416 个文件，速率 1841.9 文件/秒
2025-12-02 18:33:56,862 - INFO - 已处理 26124 个文件，速率 2813.9 文件/秒
2025-12-02 18:33:58,862 - INFO - 已处理 38854 个文件，速率 3443.3 文件/秒
2025-12-02 18:34:00,862 - INFO - 已处理 51410 个文件，速率 3870.0 文件/秒
2025-12-02 18:34:02,863 - INFO - 已处理 64011 个文件，速率 4187.9 文件/秒
2025-12-02 18:34:04,863 - INFO - 已处理 76657 个文件，速率 4434.9 文件/秒
2025-12-02 18:34:06,863 - INFO - 已处理 89380 个文件，速率 4634.7 文件/秒
2025-12-02 18:34:08,863 - INFO - 已处理 102270 个文件，速率 4804.8 文件/秒
2025-12-02 18:34:10,863 - INFO - 已处理 115238 个文件，速率 4949.0 文件/秒
2025-12-02 18:34:12,863 - INFO - 已处理 128005 个文件，速率 5062.5 文件/秒
2025-12-02 18:34:14,863 - INFO - 已处理 140760 个文件，速率 5158.9 文件/秒
2025-12-02 18:34:16,864 - INFO - 已处理 153514 个文件，速率 5242.0 文件/秒
2025-12-02 18:34:17,865 - INFO - ==================================================
2025-12-02 18:34:17,865 - INFO - 处理完成！总文件数: 160000
2025-12-02 18:34:17,865 - INFO - 总用时: 0.5 分钟
2025-12-02 18:34:17,865 - INFO - 平均速度: 5282.8 文件/秒
2025-12-02 18:34:17,865 - INFO - 分类统计:
2025-12-02 18:34:17,865 - INFO -   S-S: 53162
2025-12-02 18:34:17,865 - INFO -   S-L: 0
2025-12-02 18:34:17,866 - INFO -   L-S: 106838
2025-12-02 18:34:17,866 - INFO -   L-L: 0
2025-12-02 18:34:17,866 - INFO -   N/A: 0
2025-12-02 18:34:17,866 - INFO - ==================================================
2025-12-02 20:11:23,096 - INFO - 已处理 13150 个文件，速率 1743.5 文件/秒
2025-12-02 20:11:25,097 - INFO - 已处理 25903 个文件，速率 2714.4 文件/秒
2025-12-02 20:11:27,097 - INFO - 已处理 38635 个文件，速率 3347.1 文件/秒
2025-12-02 20:11:29,097 - INFO - 已处理 51394 个文件，速率 3794.8 文件/秒
2025-12-02 20:11:31,097 - INFO - 已处理 64015 个文件，速率 4118.5 文件/秒
2025-12-02 20:11:33,097 - INFO - 已处理 76109 个文件，速率 4338.3 文件/秒
2025-12-02 20:11:35,097 - INFO - 已处理 88822 个文件，速率 4544.9 文件/秒
2025-12-02 20:11:37,098 - INFO - 已处理 98406 个文件，速率 4567.7 文件/秒
2025-12-02 20:11:39,098 - INFO - 已处理 107118 个文件，速率 4549.7 文件/秒
2025-12-02 20:11:41,098 - INFO - 已处理 117916 个文件，速率 4616.2 文件/秒
2025-12-02 20:11:43,098 - INFO - 已处理 128695 个文件，速率 4672.3 文件/秒
2025-12-02 20:11:45,099 - INFO - 已处理 139540 个文件，速率 4723.0 文件/秒
2025-12-02 20:11:47,099 - INFO - 已处理 150040 个文件，速率 4756.4 文件/秒
2025-12-02 20:11:48,960 - INFO - ==================================================
2025-12-02 20:11:48,960 - INFO - 处理完成！总文件数: 160000
2025-12-02 20:11:48,960 - INFO - 总用时: 0.6 分钟
2025-12-02 20:11:48,960 - INFO - 平均速度: 4789.6 文件/秒
2025-12-02 20:11:48,960 - INFO - 分类统计:
2025-12-02 20:11:48,960 - INFO -   S-S: 53162
2025-12-02 20:11:48,960 - INFO -   S-L: 0
2025-12-02 20:11:48,960 - INFO -   L-S: 106838
2025-12-02 20:11:48,960 - INFO -   L-L: 0
2025-12-02 20:11:48,960 - INFO -   N/A: 0
2025-12-02 20:11:48,960 - INFO - ==================================================
2025-12-02 20:12:16,784 - INFO - 已处理 11220 个文件，速率 1491.4 文件/秒
2025-12-02 20:12:18,784 - INFO - 已处理 19502 个文件，速率 2047.9 文件/秒
2025-12-02 20:12:20,784 - INFO - 已处理 31915 个文件，速率 2769.7 文件/秒
2025-12-02 20:12:22,784 - INFO - 已处理 43869 个文件，速率 3244.0 文件/秒
2025-12-02 20:12:24,784 - INFO - 已处理 56331 个文件，速率 3628.8 文件/秒
2025-12-02 20:12:26,785 - INFO - 已处理 68199 个文件，速率 3891.9 文件/秒
2025-12-02 20:12:28,785 - INFO - 已处理 80735 个文件，速率 4135.3 文件/秒
2025-12-02 20:12:30,785 - INFO - 已处理 93213 个文件，速率 4330.8 文件/秒
2025-12-02 20:12:32,785 - INFO - 已处理 105022 个文件，速率 4464.6 文件/秒
2025-12-02 20:12:34,785 - INFO - 已处理 117150 个文件，速率 4589.9 文件/秒
2025-12-02 20:12:36,785 - INFO - 已处理 129906 个文件，速率 4719.8 文件/秒
2025-12-02 20:12:38,785 - INFO - 已处理 142668 个文件，速率 4832.3 文件/秒
2025-12-02 20:12:40,785 - INFO - 已处理 155402 个文件，速率 4929.6 文件/秒
2025-12-02 20:12:41,505 - INFO - ==================================================
2025-12-02 20:12:41,506 - INFO - 处理完成！总文件数: 160000
2025-12-02 20:12:41,506 - INFO - 总用时: 0.5 分钟
2025-12-02 20:12:41,506 - INFO - 平均速度: 4962.2 文件/秒
2025-12-02 20:12:41,506 - INFO - 分类统计:
2025-12-02 20:12:41,506 - INFO -   S-S: 53162
2025-12-02 20:12:41,506 - INFO -   S-L: 0
2025-12-02 20:12:41,506 - INFO -   L-S: 106838
2025-12-02 20:12:41,506 - INFO -   L-L: 0
2025-12-02 20:12:41,506 - INFO -   N/A: 0
2025-12-02 20:12:41,506 - INFO - ==================================================
2025-12-02 20:18:26,585 - INFO - 已处理 12773 个文件，速率 1490.6 文件/秒
2025-12-02 20:18:28,585 - INFO - 已处理 24298 个文件，速率 2299.0 文件/秒
2025-12-02 20:18:30,586 - INFO - 已处理 36095 个文件，速率 2871.7 文件/秒
2025-12-02 20:18:32,586 - INFO - 已处理 48305 个文件，速率 3315.5 文件/秒
2025-12-02 20:18:34,586 - INFO - 已处理 60820 个文件，速率 3670.6 文件/秒
2025-12-02 20:18:36,586 - INFO - 已处理 73449 个文件，速率 3955.4 文件/秒
2025-12-02 20:18:38,586 - INFO - 已处理 85983 个文件，速率 4180.1 文件/秒
2025-12-02 20:18:40,586 - INFO - 已处理 98550 个文件，速率 4366.5 文件/秒
2025-12-02 20:18:42,586 - INFO - 已处理 111182 个文件，速率 4525.2 文件/秒
2025-12-02 20:18:44,586 - INFO - 已处理 124105 个文件，速率 4670.9 文件/秒
2025-12-02 20:18:46,586 - INFO - 已处理 136799 个文件，速率 4788.2 文件/秒
2025-12-02 20:18:48,586 - INFO - 已处理 149497 个文件，速率 4890.3 文件/秒
2025-12-02 20:18:50,219 - INFO - ==================================================
2025-12-02 20:18:50,219 - INFO - 处理完成！总文件数: 160000
2025-12-02 20:18:50,219 - INFO - 总用时: 0.5 分钟
2025-12-02 20:18:50,219 - INFO - 平均速度: 4968.5 文件/秒
2025-12-02 20:18:50,219 - INFO - 分类统计:
2025-12-02 20:18:50,219 - INFO -   S-S: 53162
2025-12-02 20:18:50,220 - INFO -   S-L: 0
2025-12-02 20:18:50,220 - INFO -   L-S: 106838
2025-12-02 20:18:50,220 - INFO -   L-L: 0
2025-12-02 20:18:50,220 - INFO -   N/A: 0
2025-12-02 20:18:50,220 - INFO - ==================================================
2025-12-02 20:19:11,227 - INFO - 已处理 11992 个文件，速率 1602.2 文件/秒
2025-12-02 20:19:13,228 - INFO - 已处理 21077 个文件，速率 2222.1 文件/秒
2025-12-02 20:19:15,228 - INFO - 已处理 29966 个文件，速率 2609.1 文件/秒
2025-12-02 20:19:17,228 - INFO - 已处理 42782 个文件，速率 3172.6 文件/秒
2025-12-02 20:19:19,228 - INFO - 已处理 55475 个文件，速率 3582.5 文件/秒
2025-12-02 20:19:21,228 - INFO - 已处理 68174 个文件，速率 3899.0 文件/秒
2025-12-02 20:19:23,228 - INFO - 已处理 80803 个文件，速率 4146.9 文件/秒
2025-12-02 20:19:25,228 - INFO - 已处理 93361 个文件，速率 4345.2 文件/秒
2025-12-02 20:19:27,229 - INFO - 已处理 106052 个文件，速率 4515.6 文件/秒
2025-12-02 20:19:29,229 - INFO - 已处理 118588 个文件，速率 4653.0 文件/秒
2025-12-02 20:19:31,229 - INFO - 已处理 131381 个文件，速率 4779.9 文件/秒
2025-12-02 20:19:33,229 - INFO - 已处理 141174 个文件，速率 4787.8 文件/秒
2025-12-02 20:19:35,229 - INFO - 已处理 151277 个文件，速率 4804.5 文件/秒
2025-12-02 20:19:36,893 - INFO - ==================================================
2025-12-02 20:19:36,894 - INFO - 处理完成！总文件数: 160000
2025-12-02 20:19:36,894 - INFO - 总用时: 0.6 分钟
2025-12-02 20:19:36,894 - INFO - 平均速度: 4826.4 文件/秒
2025-12-02 20:19:36,894 - INFO - 分类统计:
2025-12-02 20:19:36,894 - INFO -   S-S: 53162
2025-12-02 20:19:36,894 - INFO -   S-L: 0
2025-12-02 20:19:36,894 - INFO -   L-S: 106838
2025-12-02 20:19:36,894 - INFO -   L-L: 0
2025-12-02 20:19:36,894 - INFO -   N/A: 0
2025-12-02 20:19:36,894 - INFO - ==================================================
2025-12-03 09:38:40,031 - INFO - 已处理 17027 个文件，速率 2002.2 文件/秒
2025-12-03 09:38:43,031 - INFO - 已处理 33510 个文件，速率 2912.8 文件/秒
2025-12-03 09:38:46,031 - INFO - 已处理 49862 个文件，速率 3437.8 文件/秒
2025-12-03 09:38:49,031 - INFO - 已处理 66185 个文件，速率 3781.1 文件/秒
2025-12-03 09:38:52,031 - INFO - 已处理 82323 个文件，速率 4014.9 文件/秒
2025-12-03 09:38:55,031 - INFO - 已处理 98200 个文件，速率 4177.9 文件/秒
2025-12-03 09:38:58,031 - INFO - 已处理 114376 个文件，速率 4315.3 文件/秒
2025-12-03 09:39:01,032 - INFO - 已处理 130590 个文件，速率 4426.0 文件/秒
2025-12-03 09:39:04,032 - INFO - 已处理 146834 个文件，速率 4517.2 文件/秒
2025-12-03 09:39:06,502 - INFO - ==================================================
2025-12-03 09:39:06,502 - INFO - 处理完成！总文件数: 160000
2025-12-03 09:39:06,502 - INFO - 总用时: 0.6 分钟
2025-12-03 09:39:06,502 - INFO - 平均速度: 4574.7 文件/秒
2025-12-03 09:39:06,502 - INFO - 分类统计:
2025-12-03 09:39:06,502 - INFO -   S-S: 53162
2025-12-03 09:39:06,502 - INFO -   S-L: 0
2025-12-03 09:39:06,502 - INFO -   L-S: 106838
2025-12-03 09:39:06,502 - INFO -   L-L: 0
2025-12-03 09:39:06,502 - INFO -   N/A: 0
2025-12-03 09:39:06,502 - INFO - ==================================================
